<?xml version="1.0" encoding="UTF-8"?>
<!-- Generated by org.testng.reporters.JUnitReportReporter -->
<testsuite hostname="DHRODCPCEXTS15" failures="0" tests="1" name="lbs.leica.Testcase_240_UAT_Chrome" time="123.893" errors="0" timestamp="3 Feb 2020 13:59:09 GMT">
  <testcase classname="lbs.leica.Testcase_240_UAT_Chrome" name="VerifyPrices" time="123.893"/>
</testsuite> <!-- lbs.leica.Testcase_240_UAT_Chrome -->
